[2025-07-22T07:50:56.358+0000] {local_task_job_runner.py:123} INFO - ::group::Pre task execution logs
[2025-07-22T07:50:56.384+0000] {taskinstance.py:2614} INFO - Dependencies all met for dep_context=non-requeueable deps ti=<TaskInstance: banking_data_quality_daily.alert_task scheduled__2025-07-21T02:00:00+00:00 [queued]>
[2025-07-22T07:50:56.393+0000] {taskinstance.py:2614} INFO - Dependencies all met for dep_context=requeueable deps ti=<TaskInstance: banking_data_quality_daily.alert_task scheduled__2025-07-21T02:00:00+00:00 [queued]>
[2025-07-22T07:50:56.394+0000] {taskinstance.py:2867} INFO - Starting attempt 1 of 3
[2025-07-22T07:50:56.409+0000] {taskinstance.py:2890} INFO - Executing <Task(PythonOperator): alert_task> on 2025-07-21 02:00:00+00:00
[2025-07-22T07:50:56.416+0000] {warnings.py:112} WARNING - /home/***/.local/lib/python3.12/site-packages/***/task/task_runner/standard_task_runner.py:70: DeprecationWarning: This process (pid=332) is multi-threaded, use of fork() may lead to deadlocks in the child.
  pid = os.fork()

[2025-07-22T07:50:56.418+0000] {standard_task_runner.py:72} INFO - Started process 334 to run task
[2025-07-22T07:50:56.419+0000] {standard_task_runner.py:104} INFO - Running: ['***', 'tasks', 'run', 'banking_data_quality_daily', 'alert_task', 'scheduled__2025-07-21T02:00:00+00:00', '--job-id', '8', '--raw', '--subdir', 'DAGS_FOLDER/banking_dq_dag.py', '--cfg-path', '/tmp/tmpash7hxwl']
[2025-07-22T07:50:56.424+0000] {standard_task_runner.py:105} INFO - Job 8: Subtask alert_task
[2025-07-22T07:50:56.501+0000] {task_command.py:467} INFO - Running <TaskInstance: banking_data_quality_daily.alert_task scheduled__2025-07-21T02:00:00+00:00 [running]> on host 1e992391132c
[2025-07-22T07:50:56.595+0000] {taskinstance.py:3134} INFO - Exporting env vars: AIRFLOW_CTX_DAG_EMAIL='vulocninh1@gmail.com' AIRFLOW_CTX_DAG_OWNER='banking-data-assignment' AIRFLOW_CTX_DAG_ID='banking_data_quality_daily' AIRFLOW_CTX_TASK_ID='alert_task' AIRFLOW_CTX_EXECUTION_DATE='2025-07-21T02:00:00+00:00' AIRFLOW_CTX_TRY_NUMBER='1' AIRFLOW_CTX_DAG_RUN_ID='scheduled__2025-07-21T02:00:00+00:00'
[2025-07-22T07:50:56.597+0000] {taskinstance.py:732} INFO - ::endgroup::
[2025-07-22T07:50:56.627+0000] {logging_mixin.py:190} WARNING - [2025-07-22 07:50:56] ERROR - BANKING ALERT [WARNING]: WARNING: Data quality below threshold (62.5% pass rate)
[2025-07-22T07:50:56.627+0000] {banking_dq_dag.py:88} ERROR - BANKING ALERT [WARNING]: WARNING: Data quality below threshold (62.5% pass rate)
[2025-07-22T07:50:56.629+0000] {logging_mixin.py:190} INFO - 
============================================================
[2025-07-22T07:50:56.630+0000] {logging_mixin.py:190} INFO - BANKING DATA QUALITY ALERT
[2025-07-22T07:50:56.630+0000] {logging_mixin.py:190} INFO - Type: WARNING
[2025-07-22T07:50:56.631+0000] {logging_mixin.py:190} INFO - Message: WARNING: Data quality below threshold (62.5% pass rate)
[2025-07-22T07:50:56.631+0000] {logging_mixin.py:190} INFO - Time: 2025-07-22 07:50:56.631852
[2025-07-22T07:50:56.632+0000] {logging_mixin.py:190} INFO - DAG: banking_data_quality_daily
[2025-07-22T07:50:56.632+0000] {logging_mixin.py:190} INFO - Task: alert_task
[2025-07-22T07:50:56.633+0000] {logging_mixin.py:190} INFO - ============================================================
[2025-07-22T07:50:56.633+0000] {python.py:240} INFO - Done. Returned value was: {'status': 'alerts_sent', 'alert_level': 'warning', 'message': 'WARNING: Data quality below threshold (62.5% pass rate)'}
[2025-07-22T07:50:56.663+0000] {taskinstance.py:341} INFO - ::group::Post task execution logs
[2025-07-22T07:50:56.663+0000] {taskinstance.py:353} INFO - Marking task as SUCCESS. dag_id=banking_data_quality_daily, task_id=alert_task, run_id=scheduled__2025-07-21T02:00:00+00:00, execution_date=20250721T020000, start_date=20250722T075056, end_date=20250722T075056
[2025-07-22T07:50:56.720+0000] {local_task_job_runner.py:266} INFO - Task exited with return code 0
[2025-07-22T07:50:56.744+0000] {taskinstance.py:3901} INFO - 1 downstream tasks scheduled from follow-on schedule check
[2025-07-22T07:50:56.747+0000] {local_task_job_runner.py:245} INFO - ::endgroup::
