[2025-07-22T07:47:20.364+0000] {processor.py:186} INFO - Started process (PID=90) to work on /opt/airflow/dags/banking_dq_dag.py
[2025-07-22T07:47:20.365+0000] {processor.py:914} INFO - Processing file /opt/airflow/dags/banking_dq_dag.py for tasks to queue
[2025-07-22T07:47:20.368+0000] {logging_mixin.py:190} INFO - [2025-07-22T07:47:20.367+0000] {dagbag.py:588} INFO - Filling up the DagBag from /opt/airflow/dags/banking_dq_dag.py
[2025-07-22T07:47:22.137+0000] {processor.py:925} INFO - DAG(s) 'banking_data_quality_daily' retrieved from /opt/airflow/dags/banking_dq_dag.py
[2025-07-22T07:47:22.540+0000] {logging_mixin.py:190} INFO - [2025-07-22T07:47:22.539+0000] {override.py:1912} INFO - Created Permission View: can read on DAG:banking_data_quality_daily
[2025-07-22T07:47:22.551+0000] {logging_mixin.py:190} INFO - [2025-07-22T07:47:22.550+0000] {override.py:1912} INFO - Created Permission View: can delete on DAG:banking_data_quality_daily
[2025-07-22T07:47:22.559+0000] {logging_mixin.py:190} INFO - [2025-07-22T07:47:22.558+0000] {override.py:1912} INFO - Created Permission View: can edit on DAG:banking_data_quality_daily
[2025-07-22T07:47:22.571+0000] {logging_mixin.py:190} INFO - [2025-07-22T07:47:22.571+0000] {override.py:1912} INFO - Created Permission View: menu access on DAG Run:banking_data_quality_daily
[2025-07-22T07:47:22.579+0000] {logging_mixin.py:190} INFO - [2025-07-22T07:47:22.579+0000] {override.py:1912} INFO - Created Permission View: can create on DAG Run:banking_data_quality_daily
[2025-07-22T07:47:22.588+0000] {logging_mixin.py:190} INFO - [2025-07-22T07:47:22.587+0000] {override.py:1912} INFO - Created Permission View: can read on DAG Run:banking_data_quality_daily
[2025-07-22T07:47:22.598+0000] {logging_mixin.py:190} INFO - [2025-07-22T07:47:22.597+0000] {override.py:1912} INFO - Created Permission View: can delete on DAG Run:banking_data_quality_daily
[2025-07-22T07:47:22.598+0000] {logging_mixin.py:190} INFO - [2025-07-22T07:47:22.598+0000] {dag.py:3239} INFO - Sync 1 DAGs
[2025-07-22T07:47:22.611+0000] {logging_mixin.py:190} INFO - [2025-07-22T07:47:22.610+0000] {dag.py:3262} INFO - Creating ORM DAG for banking_data_quality_daily
[2025-07-22T07:47:22.620+0000] {logging_mixin.py:190} INFO - [2025-07-22T07:47:22.620+0000] {dag.py:4180} INFO - Setting next_dagrun for banking_data_quality_daily to 2025-07-21 02:00:00+00:00, run_after=2025-07-22 02:00:00+00:00
[2025-07-22T07:47:22.643+0000] {processor.py:208} INFO - Processing /opt/airflow/dags/banking_dq_dag.py took 2.286 seconds
[2025-07-22T07:47:53.118+0000] {processor.py:186} INFO - Started process (PID=98) to work on /opt/airflow/dags/banking_dq_dag.py
[2025-07-22T07:47:53.120+0000] {processor.py:914} INFO - Processing file /opt/airflow/dags/banking_dq_dag.py for tasks to queue
[2025-07-22T07:47:53.123+0000] {logging_mixin.py:190} INFO - [2025-07-22T07:47:53.122+0000] {dagbag.py:588} INFO - Filling up the DagBag from /opt/airflow/dags/banking_dq_dag.py
[2025-07-22T07:47:53.728+0000] {processor.py:925} INFO - DAG(s) 'banking_data_quality_daily' retrieved from /opt/airflow/dags/banking_dq_dag.py
[2025-07-22T07:47:53.756+0000] {logging_mixin.py:190} INFO - [2025-07-22T07:47:53.755+0000] {dag.py:3239} INFO - Sync 1 DAGs
[2025-07-22T07:47:53.805+0000] {logging_mixin.py:190} INFO - [2025-07-22T07:47:53.804+0000] {dag.py:4180} INFO - Setting next_dagrun for banking_data_quality_daily to 2025-07-21 02:00:00+00:00, run_after=2025-07-22 02:00:00+00:00
[2025-07-22T07:47:53.838+0000] {processor.py:208} INFO - Processing /opt/airflow/dags/banking_dq_dag.py took 0.727 seconds
[2025-07-22T07:48:24.149+0000] {processor.py:186} INFO - Started process (PID=112) to work on /opt/airflow/dags/banking_dq_dag.py
[2025-07-22T07:48:24.151+0000] {processor.py:914} INFO - Processing file /opt/airflow/dags/banking_dq_dag.py for tasks to queue
[2025-07-22T07:48:24.153+0000] {logging_mixin.py:190} INFO - [2025-07-22T07:48:24.153+0000] {dagbag.py:588} INFO - Filling up the DagBag from /opt/airflow/dags/banking_dq_dag.py
[2025-07-22T07:48:24.675+0000] {processor.py:925} INFO - DAG(s) 'banking_data_quality_daily' retrieved from /opt/airflow/dags/banking_dq_dag.py
[2025-07-22T07:48:24.703+0000] {logging_mixin.py:190} INFO - [2025-07-22T07:48:24.703+0000] {dag.py:3239} INFO - Sync 1 DAGs
[2025-07-22T07:48:24.723+0000] {logging_mixin.py:190} INFO - [2025-07-22T07:48:24.722+0000] {dag.py:4180} INFO - Setting next_dagrun for banking_data_quality_daily to 2025-07-21 02:00:00+00:00, run_after=2025-07-22 02:00:00+00:00
[2025-07-22T07:48:24.740+0000] {processor.py:208} INFO - Processing /opt/airflow/dags/banking_dq_dag.py took 0.597 seconds
[2025-07-22T07:48:54.844+0000] {processor.py:186} INFO - Started process (PID=120) to work on /opt/airflow/dags/banking_dq_dag.py
[2025-07-22T07:48:54.845+0000] {processor.py:914} INFO - Processing file /opt/airflow/dags/banking_dq_dag.py for tasks to queue
[2025-07-22T07:48:54.847+0000] {logging_mixin.py:190} INFO - [2025-07-22T07:48:54.847+0000] {dagbag.py:588} INFO - Filling up the DagBag from /opt/airflow/dags/banking_dq_dag.py
[2025-07-22T07:48:55.342+0000] {processor.py:925} INFO - DAG(s) 'banking_data_quality_daily' retrieved from /opt/airflow/dags/banking_dq_dag.py
[2025-07-22T07:48:55.367+0000] {logging_mixin.py:190} INFO - [2025-07-22T07:48:55.367+0000] {dag.py:3239} INFO - Sync 1 DAGs
[2025-07-22T07:48:55.385+0000] {logging_mixin.py:190} INFO - [2025-07-22T07:48:55.385+0000] {dag.py:4180} INFO - Setting next_dagrun for banking_data_quality_daily to 2025-07-21 02:00:00+00:00, run_after=2025-07-22 02:00:00+00:00
[2025-07-22T07:48:55.436+0000] {processor.py:208} INFO - Processing /opt/airflow/dags/banking_dq_dag.py took 0.599 seconds
[2025-07-22T07:49:25.780+0000] {processor.py:186} INFO - Started process (PID=128) to work on /opt/airflow/dags/banking_dq_dag.py
[2025-07-22T07:49:25.781+0000] {processor.py:914} INFO - Processing file /opt/airflow/dags/banking_dq_dag.py for tasks to queue
[2025-07-22T07:49:25.784+0000] {logging_mixin.py:190} INFO - [2025-07-22T07:49:25.783+0000] {dagbag.py:588} INFO - Filling up the DagBag from /opt/airflow/dags/banking_dq_dag.py
[2025-07-22T07:49:26.011+0000] {processor.py:925} INFO - DAG(s) 'banking_data_quality_daily' retrieved from /opt/airflow/dags/banking_dq_dag.py
[2025-07-22T07:49:26.036+0000] {logging_mixin.py:190} INFO - [2025-07-22T07:49:26.036+0000] {dag.py:3239} INFO - Sync 1 DAGs
[2025-07-22T07:49:26.086+0000] {processor.py:208} INFO - Processing /opt/airflow/dags/banking_dq_dag.py took 0.636 seconds
[2025-07-22T07:49:56.414+0000] {processor.py:186} INFO - Started process (PID=136) to work on /opt/airflow/dags/banking_dq_dag.py
[2025-07-22T07:49:56.416+0000] {processor.py:914} INFO - Processing file /opt/airflow/dags/banking_dq_dag.py for tasks to queue
[2025-07-22T07:49:56.418+0000] {logging_mixin.py:190} INFO - [2025-07-22T07:49:56.418+0000] {dagbag.py:588} INFO - Filling up the DagBag from /opt/airflow/dags/banking_dq_dag.py
[2025-07-22T07:49:56.933+0000] {processor.py:925} INFO - DAG(s) 'banking_data_quality_daily' retrieved from /opt/airflow/dags/banking_dq_dag.py
[2025-07-22T07:49:56.959+0000] {logging_mixin.py:190} INFO - [2025-07-22T07:49:56.959+0000] {dag.py:3239} INFO - Sync 1 DAGs
[2025-07-22T07:49:57.036+0000] {processor.py:208} INFO - Processing /opt/airflow/dags/banking_dq_dag.py took 0.629 seconds
[2025-07-22T07:50:27.239+0000] {processor.py:186} INFO - Started process (PID=144) to work on /opt/airflow/dags/banking_dq_dag.py
[2025-07-22T07:50:27.240+0000] {processor.py:914} INFO - Processing file /opt/airflow/dags/banking_dq_dag.py for tasks to queue
[2025-07-22T07:50:27.243+0000] {logging_mixin.py:190} INFO - [2025-07-22T07:50:27.242+0000] {dagbag.py:588} INFO - Filling up the DagBag from /opt/airflow/dags/banking_dq_dag.py
[2025-07-22T07:50:27.720+0000] {processor.py:925} INFO - DAG(s) 'banking_data_quality_daily' retrieved from /opt/airflow/dags/banking_dq_dag.py
[2025-07-22T07:50:27.748+0000] {logging_mixin.py:190} INFO - [2025-07-22T07:50:27.748+0000] {dag.py:3239} INFO - Sync 1 DAGs
[2025-07-22T07:50:27.784+0000] {processor.py:208} INFO - Processing /opt/airflow/dags/banking_dq_dag.py took 0.551 seconds
[2025-07-22T07:50:58.484+0000] {processor.py:186} INFO - Started process (PID=152) to work on /opt/airflow/dags/banking_dq_dag.py
[2025-07-22T07:50:58.486+0000] {processor.py:914} INFO - Processing file /opt/airflow/dags/banking_dq_dag.py for tasks to queue
[2025-07-22T07:50:58.488+0000] {logging_mixin.py:190} INFO - [2025-07-22T07:50:58.488+0000] {dagbag.py:588} INFO - Filling up the DagBag from /opt/airflow/dags/banking_dq_dag.py
[2025-07-22T07:50:58.990+0000] {processor.py:925} INFO - DAG(s) 'banking_data_quality_daily' retrieved from /opt/airflow/dags/banking_dq_dag.py
[2025-07-22T07:50:59.016+0000] {logging_mixin.py:190} INFO - [2025-07-22T07:50:59.015+0000] {dag.py:3239} INFO - Sync 1 DAGs
[2025-07-22T07:50:59.054+0000] {processor.py:208} INFO - Processing /opt/airflow/dags/banking_dq_dag.py took 0.576 seconds
