[2025-07-22T08:46:08.806+0000] {local_task_job_runner.py:123} INFO - ::group::Pre task execution logs
[2025-07-22T08:46:08.831+0000] {taskinstance.py:2614} INFO - Dependencies all met for dep_context=non-requeueable deps ti=<TaskInstance: banking_data_quality_daily.cleanup_task scheduled__2025-07-21T02:00:00+00:00 [queued]>
[2025-07-22T08:46:08.842+0000] {taskinstance.py:2614} INFO - Dependencies all met for dep_context=requeueable deps ti=<TaskInstance: banking_data_quality_daily.cleanup_task scheduled__2025-07-21T02:00:00+00:00 [queued]>
[2025-07-22T08:46:08.843+0000] {taskinstance.py:2867} INFO - Starting attempt 1 of 3
[2025-07-22T08:46:08.859+0000] {taskinstance.py:2890} INFO - Executing <Task(BashOperator): cleanup_task> on 2025-07-21 02:00:00+00:00
[2025-07-22T08:46:08.865+0000] {warnings.py:112} WARNING - /home/***/.local/lib/python3.12/site-packages/***/task/task_runner/standard_task_runner.py:70: DeprecationWarning: This process (pid=319) is multi-threaded, use of fork() may lead to deadlocks in the child.
  pid = os.fork()

[2025-07-22T08:46:08.867+0000] {standard_task_runner.py:72} INFO - Started process 321 to run task
[2025-07-22T08:46:08.868+0000] {standard_task_runner.py:104} INFO - Running: ['***', 'tasks', 'run', 'banking_data_quality_daily', 'cleanup_task', 'scheduled__2025-07-21T02:00:00+00:00', '--job-id', '9', '--raw', '--subdir', 'DAGS_FOLDER/banking_dq_dag.py', '--cfg-path', '/tmp/tmppu_2kte8']
[2025-07-22T08:46:08.871+0000] {standard_task_runner.py:105} INFO - Job 9: Subtask cleanup_task
[2025-07-22T08:46:08.949+0000] {task_command.py:467} INFO - Running <TaskInstance: banking_data_quality_daily.cleanup_task scheduled__2025-07-21T02:00:00+00:00 [running]> on host 28ec9070224c
[2025-07-22T08:46:09.052+0000] {taskinstance.py:3134} INFO - Exporting env vars: AIRFLOW_CTX_DAG_EMAIL='vulocninh1@gmail.com' AIRFLOW_CTX_DAG_OWNER='banking-data-assignment' AIRFLOW_CTX_DAG_ID='banking_data_quality_daily' AIRFLOW_CTX_TASK_ID='cleanup_task' AIRFLOW_CTX_EXECUTION_DATE='2025-07-21T02:00:00+00:00' AIRFLOW_CTX_TRY_NUMBER='1' AIRFLOW_CTX_DAG_RUN_ID='scheduled__2025-07-21T02:00:00+00:00'
[2025-07-22T08:46:09.054+0000] {taskinstance.py:732} INFO - ::endgroup::
[2025-07-22T08:46:09.070+0000] {subprocess.py:78} INFO - Tmp dir root location: /tmp
[2025-07-22T08:46:09.072+0000] {subprocess.py:88} INFO - Running command: ['/usr/bin/bash', '-c', '\n    echo "Banking DQ DAG completed at $(date)"\n    echo "Cleaning up temporary files..."\n    # Add any cleanup commands here\n    echo "Cleanup completed"\n    ']
[2025-07-22T08:46:09.088+0000] {subprocess.py:99} INFO - Output:
[2025-07-22T08:46:09.094+0000] {subprocess.py:106} INFO - Banking DQ DAG completed at Tue Jul 22 08:46:09 UTC 2025
[2025-07-22T08:46:09.095+0000] {subprocess.py:106} INFO - Cleaning up temporary files...
[2025-07-22T08:46:09.096+0000] {subprocess.py:106} INFO - Cleanup completed
[2025-07-22T08:46:09.097+0000] {subprocess.py:110} INFO - Command exited with return code 0
[2025-07-22T08:46:09.134+0000] {taskinstance.py:341} INFO - ::group::Post task execution logs
[2025-07-22T08:46:09.135+0000] {taskinstance.py:353} INFO - Marking task as SUCCESS. dag_id=banking_data_quality_daily, task_id=cleanup_task, run_id=scheduled__2025-07-21T02:00:00+00:00, execution_date=20250721T020000, start_date=20250722T084608, end_date=20250722T084609
[2025-07-22T08:46:09.210+0000] {local_task_job_runner.py:266} INFO - Task exited with return code 0
[2025-07-22T08:46:09.244+0000] {taskinstance.py:3901} INFO - 0 downstream tasks scheduled from follow-on schedule check
[2025-07-22T08:46:09.247+0000] {local_task_job_runner.py:245} INFO - ::endgroup::
