[2025-07-22T08:46:04.833+0000] {local_task_job_runner.py:123} INFO - ::group::Pre task execution logs
[2025-07-22T08:46:04.856+0000] {taskinstance.py:2614} INFO - Dependencies all met for dep_context=non-requeueable deps ti=<TaskInstance: banking_data_quality_daily.evaluate_results_task scheduled__2025-07-21T02:00:00+00:00 [queued]>
[2025-07-22T08:46:04.865+0000] {taskinstance.py:2614} INFO - Dependencies all met for dep_context=requeueable deps ti=<TaskInstance: banking_data_quality_daily.evaluate_results_task scheduled__2025-07-21T02:00:00+00:00 [queued]>
[2025-07-22T08:46:04.866+0000] {taskinstance.py:2867} INFO - Starting attempt 1 of 3
[2025-07-22T08:46:04.878+0000] {taskinstance.py:2890} INFO - Executing <Task(PythonOperator): evaluate_results_task> on 2025-07-21 02:00:00+00:00
[2025-07-22T08:46:04.886+0000] {warnings.py:112} WARNING - /home/***/.local/lib/python3.12/site-packages/***/task/task_runner/standard_task_runner.py:70: DeprecationWarning: This process (pid=298) is multi-threaded, use of fork() may lead to deadlocks in the child.
  pid = os.fork()

[2025-07-22T08:46:04.888+0000] {standard_task_runner.py:72} INFO - Started process 300 to run task
[2025-07-22T08:46:04.888+0000] {standard_task_runner.py:104} INFO - Running: ['***', 'tasks', 'run', 'banking_data_quality_daily', 'evaluate_results_task', 'scheduled__2025-07-21T02:00:00+00:00', '--job-id', '7', '--raw', '--subdir', 'DAGS_FOLDER/banking_dq_dag.py', '--cfg-path', '/tmp/tmp9gnpgt7u']
[2025-07-22T08:46:04.891+0000] {standard_task_runner.py:105} INFO - Job 7: Subtask evaluate_results_task
[2025-07-22T08:46:04.969+0000] {task_command.py:467} INFO - Running <TaskInstance: banking_data_quality_daily.evaluate_results_task scheduled__2025-07-21T02:00:00+00:00 [running]> on host 28ec9070224c
[2025-07-22T08:46:05.059+0000] {taskinstance.py:3134} INFO - Exporting env vars: AIRFLOW_CTX_DAG_EMAIL='vulocninh1@gmail.com' AIRFLOW_CTX_DAG_OWNER='banking-data-assignment' AIRFLOW_CTX_DAG_ID='banking_data_quality_daily' AIRFLOW_CTX_TASK_ID='evaluate_results_task' AIRFLOW_CTX_EXECUTION_DATE='2025-07-21T02:00:00+00:00' AIRFLOW_CTX_TRY_NUMBER='1' AIRFLOW_CTX_DAG_RUN_ID='scheduled__2025-07-21T02:00:00+00:00'
[2025-07-22T08:46:05.061+0000] {taskinstance.py:732} INFO - ::endgroup::
[2025-07-22T08:46:05.567+0000] {logging_mixin.py:190} WARNING - [2025-07-22 08:46:05] INFO - Audit evaluation: WARNING: Data quality below threshold (62.5% pass rate)
[2025-07-22T08:46:05.567+0000] {banking_dq_dag.py:323} INFO - Audit evaluation: WARNING: Data quality below threshold (62.5% pass rate)
[2025-07-22T08:46:05.593+0000] {python.py:240} INFO - Done. Returned value was: {'overall_status': 'FAIL', 'pass_rate': 62.5, 'load_status': 'SUCCESS', 'records_loaded': 128983, 'alert_level': 'warning', 'action_required': True, 'summary': 'Audit FAIL - 62.5% pass rate, Database SUCCESS - 128983 records', 'message': 'WARNING: Data quality below threshold (62.5% pass rate)'}
[2025-07-22T08:46:05.620+0000] {taskinstance.py:341} INFO - ::group::Post task execution logs
[2025-07-22T08:46:05.621+0000] {taskinstance.py:353} INFO - Marking task as SUCCESS. dag_id=banking_data_quality_daily, task_id=evaluate_results_task, run_id=scheduled__2025-07-21T02:00:00+00:00, execution_date=20250721T020000, start_date=20250722T084604, end_date=20250722T084605
[2025-07-22T08:46:05.680+0000] {local_task_job_runner.py:266} INFO - Task exited with return code 0
[2025-07-22T08:46:05.707+0000] {taskinstance.py:3901} INFO - 1 downstream tasks scheduled from follow-on schedule check
[2025-07-22T08:46:05.711+0000] {local_task_job_runner.py:245} INFO - ::endgroup::
