[2025-07-22T07:51:01.297+0000] {local_task_job_runner.py:123} INFO - ::group::Pre task execution logs
[2025-07-22T07:51:01.314+0000] {taskinstance.py:2614} INFO - Dependencies all met for dep_context=non-requeueable deps ti=<TaskInstance: banking_data_quality_daily.check_dependencies_task manual__2025-07-22T07:49:25.044715+00:00 [queued]>
[2025-07-22T07:51:01.320+0000] {taskinstance.py:2614} INFO - Dependencies all met for dep_context=requeueable deps ti=<TaskInstance: banking_data_quality_daily.check_dependencies_task manual__2025-07-22T07:49:25.044715+00:00 [queued]>
[2025-07-22T07:51:01.321+0000] {taskinstance.py:2867} INFO - Starting attempt 1 of 3
[2025-07-22T07:51:01.333+0000] {taskinstance.py:2890} INFO - Executing <Task(PythonOperator): check_dependencies_task> on 2025-07-22 07:49:25.044715+00:00
[2025-07-22T07:51:01.340+0000] {warnings.py:112} WARNING - /home/***/.local/lib/python3.12/site-packages/***/task/task_runner/standard_task_runner.py:70: DeprecationWarning: This process (pid=342) is multi-threaded, use of fork() may lead to deadlocks in the child.
  pid = os.fork()

[2025-07-22T07:51:01.342+0000] {standard_task_runner.py:72} INFO - Started process 344 to run task
[2025-07-22T07:51:01.342+0000] {standard_task_runner.py:104} INFO - Running: ['***', 'tasks', 'run', 'banking_data_quality_daily', 'check_dependencies_task', 'manual__2025-07-22T07:49:25.044715+00:00', '--job-id', '10', '--raw', '--subdir', 'DAGS_FOLDER/banking_dq_dag.py', '--cfg-path', '/tmp/tmpqopinxiw']
[2025-07-22T07:51:01.345+0000] {standard_task_runner.py:105} INFO - Job 10: Subtask check_dependencies_task
[2025-07-22T07:51:01.409+0000] {task_command.py:467} INFO - Running <TaskInstance: banking_data_quality_daily.check_dependencies_task manual__2025-07-22T07:49:25.044715+00:00 [running]> on host 1e992391132c
[2025-07-22T07:51:01.504+0000] {taskinstance.py:3134} INFO - Exporting env vars: AIRFLOW_CTX_DAG_EMAIL='vulocninh1@gmail.com' AIRFLOW_CTX_DAG_OWNER='banking-data-assignment' AIRFLOW_CTX_DAG_ID='banking_data_quality_daily' AIRFLOW_CTX_TASK_ID='check_dependencies_task' AIRFLOW_CTX_EXECUTION_DATE='2025-07-22T07:49:25.044715+00:00' AIRFLOW_CTX_TRY_NUMBER='1' AIRFLOW_CTX_DAG_RUN_ID='manual__2025-07-22T07:49:25.044715+00:00'
[2025-07-22T07:51:01.506+0000] {taskinstance.py:732} INFO - ::endgroup::
[2025-07-22T07:51:01.521+0000] {logging_mixin.py:190} WARNING - [2025-07-22 07:51:01] INFO - All dependencies available
[2025-07-22T07:51:01.521+0000] {banking_dq_dag.py:77} INFO - All dependencies available
[2025-07-22T07:51:01.522+0000] {python.py:240} INFO - Done. Returned value was: True
[2025-07-22T07:51:01.554+0000] {taskinstance.py:341} INFO - ::group::Post task execution logs
[2025-07-22T07:51:01.555+0000] {taskinstance.py:353} INFO - Marking task as SUCCESS. dag_id=banking_data_quality_daily, task_id=check_dependencies_task, run_id=manual__2025-07-22T07:49:25.044715+00:00, execution_date=20250722T074925, start_date=20250722T075101, end_date=20250722T075101
[2025-07-22T07:51:01.600+0000] {local_task_job_runner.py:266} INFO - Task exited with return code 0
[2025-07-22T07:51:01.641+0000] {taskinstance.py:3901} INFO - 1 downstream tasks scheduled from follow-on schedule check
[2025-07-22T07:51:01.644+0000] {local_task_job_runner.py:245} INFO - ::endgroup::
