[2025-07-22T08:44:19.665+0000] {manager.py:483} INFO - Processing files using up to 2 processes at a time 
[2025-07-22T08:44:19.666+0000] {manager.py:484} INFO - Process each file at most once every 30 seconds
[2025-07-22T08:44:19.667+0000] {manager.py:485} INFO - Checking for new files in /opt/airflow/dags every 300 seconds
[2025-07-22T08:44:19.668+0000] {manager.py:821} INFO - Searching for files in /opt/airflow/dags
[2025-07-22T08:44:19.694+0000] {manager.py:824} INFO - There are 1 files in /opt/airflow/dags
[2025-07-22T08:44:19.819+0000] {manager.py:997} INFO - 
================================================================================
DAG File Processing Stats

File Path                              PID  Runtime      # DAGs    # Errors  Last Runtime    Last Run      Last # of DB Queries
-----------------------------------  -----  ---------  --------  ----------  --------------  ----------  ----------------------
/opt/airflow/dags/banking_dq_dag.py     85  0.03s             0           0                                                   0
================================================================================
[2025-07-22T08:44:48.044+0000] {manager.py:997} INFO - 
================================================================================
DAG File Processing Stats

File Path                            PID    Runtime      # DAGs    # Errors  Last Runtime    Last Run               Last # of DB Queries
-----------------------------------  -----  ---------  --------  ----------  --------------  -------------------  ----------------------
/opt/airflow/dags/banking_dq_dag.py                           1           0  2.11s           2025-07-22T08:44:21                      45
================================================================================
[2025-07-22T08:45:16.073+0000] {manager.py:997} INFO - 
================================================================================
DAG File Processing Stats

File Path                            PID    Runtime      # DAGs    # Errors  Last Runtime    Last Run               Last # of DB Queries
-----------------------------------  -----  ---------  --------  ----------  --------------  -------------------  ----------------------
/opt/airflow/dags/banking_dq_dag.py                           1           0  0.64s           2025-07-22T08:44:52                      12
================================================================================
[2025-07-22T08:45:44.101+0000] {manager.py:997} INFO - 
================================================================================
DAG File Processing Stats

File Path                            PID    Runtime      # DAGs    # Errors  Last Runtime    Last Run               Last # of DB Queries
-----------------------------------  -----  ---------  --------  ----------  --------------  -------------------  ----------------------
/opt/airflow/dags/banking_dq_dag.py                           1           0  0.75s           2025-07-22T08:45:23                      12
================================================================================
[2025-07-22T08:46:12.924+0000] {manager.py:997} INFO - 
================================================================================
DAG File Processing Stats

File Path                            PID    Runtime      # DAGs    # Errors  Last Runtime    Last Run               Last # of DB Queries
-----------------------------------  -----  ---------  --------  ----------  --------------  -------------------  ----------------------
/opt/airflow/dags/banking_dq_dag.py                           1           0  0.64s           2025-07-22T08:45:54                      12
================================================================================
[2025-07-22T08:46:41.437+0000] {manager.py:997} INFO - 
================================================================================
DAG File Processing Stats

File Path                            PID    Runtime      # DAGs    # Errors  Last Runtime    Last Run               Last # of DB Queries
-----------------------------------  -----  ---------  --------  ----------  --------------  -------------------  ----------------------
/opt/airflow/dags/banking_dq_dag.py                           1           0  0.61s           2025-07-22T08:46:25                      12
================================================================================
[2025-07-22T08:47:09.482+0000] {manager.py:997} INFO - 
================================================================================
DAG File Processing Stats

File Path                            PID    Runtime      # DAGs    # Errors  Last Runtime    Last Run               Last # of DB Queries
-----------------------------------  -----  ---------  --------  ----------  --------------  -------------------  ----------------------
/opt/airflow/dags/banking_dq_dag.py                           1           0  0.56s           2025-07-22T08:46:56                      12
================================================================================
[2025-07-22T08:47:37.850+0000] {manager.py:997} INFO - 
================================================================================
DAG File Processing Stats

File Path                            PID    Runtime      # DAGs    # Errors  Last Runtime    Last Run               Last # of DB Queries
-----------------------------------  -----  ---------  --------  ----------  --------------  -------------------  ----------------------
/opt/airflow/dags/banking_dq_dag.py                           1           0  0.62s           2025-07-22T08:47:27                      12
================================================================================
[2025-07-22T08:48:06.248+0000] {manager.py:997} INFO - 
================================================================================
DAG File Processing Stats

File Path                            PID    Runtime      # DAGs    # Errors  Last Runtime    Last Run               Last # of DB Queries
-----------------------------------  -----  ---------  --------  ----------  --------------  -------------------  ----------------------
/opt/airflow/dags/banking_dq_dag.py                           1           0  0.68s           2025-07-22T08:47:58                      12
================================================================================
[2025-07-22T08:48:34.316+0000] {manager.py:997} INFO - 
================================================================================
DAG File Processing Stats

File Path                            PID    Runtime      # DAGs    # Errors  Last Runtime    Last Run               Last # of DB Queries
-----------------------------------  -----  ---------  --------  ----------  --------------  -------------------  ----------------------
/opt/airflow/dags/banking_dq_dag.py                           1           0  0.70s           2025-07-22T08:48:29                      12
================================================================================
[2025-07-22T08:49:02.597+0000] {manager.py:997} INFO - 
================================================================================
DAG File Processing Stats

File Path                            PID    Runtime      # DAGs    # Errors  Last Runtime    Last Run               Last # of DB Queries
-----------------------------------  -----  ---------  --------  ----------  --------------  -------------------  ----------------------
/opt/airflow/dags/banking_dq_dag.py                           1           0  0.61s           2025-07-22T08:48:59                      12
================================================================================
[2025-07-22T08:49:20.017+0000] {manager.py:821} INFO - Searching for files in /opt/airflow/dags
[2025-07-22T08:49:20.033+0000] {manager.py:824} INFO - There are 1 files in /opt/airflow/dags
[2025-07-22T08:49:30.912+0000] {manager.py:997} INFO - 
================================================================================
DAG File Processing Stats

File Path                            PID    Runtime      # DAGs    # Errors  Last Runtime    Last Run               Last # of DB Queries
-----------------------------------  -----  ---------  --------  ----------  --------------  -------------------  ----------------------
/opt/airflow/dags/banking_dq_dag.py                           1           0  0.62s           2025-07-22T08:49:30                      12
================================================================================
[2025-07-22T08:49:58.951+0000] {manager.py:997} INFO - 
================================================================================
DAG File Processing Stats

File Path                            PID    Runtime      # DAGs    # Errors  Last Runtime    Last Run               Last # of DB Queries
-----------------------------------  -----  ---------  --------  ----------  --------------  -------------------  ----------------------
/opt/airflow/dags/banking_dq_dag.py                           1           0  0.62s           2025-07-22T08:49:30                      12
================================================================================
[2025-07-22T08:50:27.724+0000] {manager.py:997} INFO - 
================================================================================
DAG File Processing Stats

File Path                            PID    Runtime      # DAGs    # Errors  Last Runtime    Last Run               Last # of DB Queries
-----------------------------------  -----  ---------  --------  ----------  --------------  -------------------  ----------------------
/opt/airflow/dags/banking_dq_dag.py                           1           0  0.62s           2025-07-22T08:50:01                      12
================================================================================
[2025-07-22T08:50:55.983+0000] {manager.py:997} INFO - 
================================================================================
DAG File Processing Stats

File Path                            PID    Runtime      # DAGs    # Errors  Last Runtime    Last Run               Last # of DB Queries
-----------------------------------  -----  ---------  --------  ----------  --------------  -------------------  ----------------------
/opt/airflow/dags/banking_dq_dag.py                           1           0  0.78s           2025-07-22T08:50:32                      12
================================================================================
[2025-07-22T08:51:24.667+0000] {manager.py:997} INFO - 
================================================================================
DAG File Processing Stats

File Path                            PID    Runtime      # DAGs    # Errors  Last Runtime    Last Run               Last # of DB Queries
-----------------------------------  -----  ---------  --------  ----------  --------------  -------------------  ----------------------
/opt/airflow/dags/banking_dq_dag.py                           1           0  0.59s           2025-07-22T08:51:03                      12
================================================================================
[2025-07-22T08:51:53.449+0000] {manager.py:997} INFO - 
================================================================================
DAG File Processing Stats

File Path                            PID    Runtime      # DAGs    # Errors  Last Runtime    Last Run               Last # of DB Queries
-----------------------------------  -----  ---------  --------  ----------  --------------  -------------------  ----------------------
/opt/airflow/dags/banking_dq_dag.py                           1           0  0.64s           2025-07-22T08:51:34                      12
================================================================================
[2025-07-22T08:52:21.507+0000] {manager.py:997} INFO - 
================================================================================
DAG File Processing Stats

File Path                            PID    Runtime      # DAGs    # Errors  Last Runtime    Last Run               Last # of DB Queries
-----------------------------------  -----  ---------  --------  ----------  --------------  -------------------  ----------------------
/opt/airflow/dags/banking_dq_dag.py                           1           0  0.67s           2025-07-22T08:52:05                      12
================================================================================
[2025-07-22T08:52:49.495+0000] {manager.py:997} INFO - 
================================================================================
DAG File Processing Stats

File Path                            PID    Runtime      # DAGs    # Errors  Last Runtime    Last Run               Last # of DB Queries
-----------------------------------  -----  ---------  --------  ----------  --------------  -------------------  ----------------------
/opt/airflow/dags/banking_dq_dag.py                           1           0  0.59s           2025-07-22T08:52:36                      12
================================================================================
[2025-07-22T08:53:17.828+0000] {manager.py:997} INFO - 
================================================================================
DAG File Processing Stats

File Path                            PID    Runtime      # DAGs    # Errors  Last Runtime    Last Run               Last # of DB Queries
-----------------------------------  -----  ---------  --------  ----------  --------------  -------------------  ----------------------
/opt/airflow/dags/banking_dq_dag.py                           1           0  0.61s           2025-07-22T08:53:07                      12
================================================================================
[2025-07-22T08:53:46.229+0000] {manager.py:997} INFO - 
================================================================================
DAG File Processing Stats

File Path                            PID    Runtime      # DAGs    # Errors  Last Runtime    Last Run               Last # of DB Queries
-----------------------------------  -----  ---------  --------  ----------  --------------  -------------------  ----------------------
/opt/airflow/dags/banking_dq_dag.py                           1           0  0.63s           2025-07-22T08:53:38                      12
================================================================================
[2025-07-22T08:54:14.418+0000] {manager.py:997} INFO - 
================================================================================
DAG File Processing Stats

File Path                            PID    Runtime      # DAGs    # Errors  Last Runtime    Last Run               Last # of DB Queries
-----------------------------------  -----  ---------  --------  ----------  --------------  -------------------  ----------------------
/opt/airflow/dags/banking_dq_dag.py                           1           0  0.70s           2025-07-22T08:54:09                      12
================================================================================
[2025-07-22T08:54:20.201+0000] {manager.py:821} INFO - Searching for files in /opt/airflow/dags
[2025-07-22T08:54:20.218+0000] {manager.py:824} INFO - There are 1 files in /opt/airflow/dags
[2025-07-22T08:54:42.726+0000] {manager.py:997} INFO - 
================================================================================
DAG File Processing Stats

File Path                            PID    Runtime      # DAGs    # Errors  Last Runtime    Last Run               Last # of DB Queries
-----------------------------------  -----  ---------  --------  ----------  --------------  -------------------  ----------------------
/opt/airflow/dags/banking_dq_dag.py                           1           0  0.72s           2025-07-22T08:54:40                      12
================================================================================
[2025-07-22T08:55:10.906+0000] {manager.py:997} INFO - 
================================================================================
DAG File Processing Stats

File Path                              PID  Runtime      # DAGs    # Errors  Last Runtime    Last Run               Last # of DB Queries
-----------------------------------  -----  ---------  --------  ----------  --------------  -------------------  ----------------------
/opt/airflow/dags/banking_dq_dag.py    273  0.01s             1           0  0.72s           2025-07-22T08:54:40                      12
================================================================================
[2025-07-22T08:55:39.014+0000] {manager.py:997} INFO - 
================================================================================
DAG File Processing Stats

File Path                            PID    Runtime      # DAGs    # Errors  Last Runtime    Last Run               Last # of DB Queries
-----------------------------------  -----  ---------  --------  ----------  --------------  -------------------  ----------------------
/opt/airflow/dags/banking_dq_dag.py                           1           0  0.69s           2025-07-22T08:55:11                      12
================================================================================
[2025-07-22T08:56:07.414+0000] {manager.py:997} INFO - 
================================================================================
DAG File Processing Stats

File Path                            PID    Runtime      # DAGs    # Errors  Last Runtime    Last Run               Last # of DB Queries
-----------------------------------  -----  ---------  --------  ----------  --------------  -------------------  ----------------------
/opt/airflow/dags/banking_dq_dag.py                           1           0  0.85s           2025-07-22T08:55:42                      12
================================================================================
[2025-07-22T08:56:35.483+0000] {manager.py:997} INFO - 
================================================================================
DAG File Processing Stats

File Path                            PID    Runtime      # DAGs    # Errors  Last Runtime    Last Run               Last # of DB Queries
-----------------------------------  -----  ---------  --------  ----------  --------------  -------------------  ----------------------
/opt/airflow/dags/banking_dq_dag.py                           1           0  0.68s           2025-07-22T08:56:14                      12
================================================================================
[2025-07-22T08:57:03.918+0000] {manager.py:997} INFO - 
================================================================================
DAG File Processing Stats

File Path                            PID    Runtime      # DAGs    # Errors  Last Runtime    Last Run               Last # of DB Queries
-----------------------------------  -----  ---------  --------  ----------  --------------  -------------------  ----------------------
/opt/airflow/dags/banking_dq_dag.py                           1           0  0.71s           2025-07-22T08:56:44                      12
================================================================================
[2025-07-22T08:57:31.957+0000] {manager.py:997} INFO - 
================================================================================
DAG File Processing Stats

File Path                            PID    Runtime      # DAGs    # Errors  Last Runtime    Last Run               Last # of DB Queries
-----------------------------------  -----  ---------  --------  ----------  --------------  -------------------  ----------------------
/opt/airflow/dags/banking_dq_dag.py                           1           0  0.61s           2025-07-22T08:57:15                      12
================================================================================
[2025-07-22T08:57:59.999+0000] {manager.py:997} INFO - 
================================================================================
DAG File Processing Stats

File Path                            PID    Runtime      # DAGs    # Errors  Last Runtime    Last Run               Last # of DB Queries
-----------------------------------  -----  ---------  --------  ----------  --------------  -------------------  ----------------------
/opt/airflow/dags/banking_dq_dag.py                           1           0  0.75s           2025-07-22T08:57:46                      12
================================================================================
[2025-07-22T08:58:28.078+0000] {manager.py:997} INFO - 
================================================================================
DAG File Processing Stats

File Path                            PID    Runtime      # DAGs    # Errors  Last Runtime    Last Run               Last # of DB Queries
-----------------------------------  -----  ---------  --------  ----------  --------------  -------------------  ----------------------
/opt/airflow/dags/banking_dq_dag.py                           1           0  0.65s           2025-07-22T08:58:17                      12
================================================================================
[2025-07-22T08:58:56.214+0000] {manager.py:997} INFO - 
================================================================================
DAG File Processing Stats

File Path                            PID    Runtime      # DAGs    # Errors  Last Runtime    Last Run               Last # of DB Queries
-----------------------------------  -----  ---------  --------  ----------  --------------  -------------------  ----------------------
/opt/airflow/dags/banking_dq_dag.py                           1           0  0.73s           2025-07-22T08:58:49                      12
================================================================================
[2025-07-22T08:59:20.579+0000] {manager.py:821} INFO - Searching for files in /opt/airflow/dags
[2025-07-22T08:59:20.594+0000] {manager.py:824} INFO - There are 1 files in /opt/airflow/dags
[2025-07-22T08:59:24.644+0000] {manager.py:997} INFO - 
================================================================================
DAG File Processing Stats

File Path                            PID    Runtime      # DAGs    # Errors  Last Runtime    Last Run               Last # of DB Queries
-----------------------------------  -----  ---------  --------  ----------  --------------  -------------------  ----------------------
/opt/airflow/dags/banking_dq_dag.py                           1           0  0.73s           2025-07-22T08:59:20                      12
================================================================================
[2025-07-22T08:59:52.972+0000] {manager.py:997} INFO - 
================================================================================
DAG File Processing Stats

File Path                            PID    Runtime      # DAGs    # Errors  Last Runtime    Last Run               Last # of DB Queries
-----------------------------------  -----  ---------  --------  ----------  --------------  -------------------  ----------------------
/opt/airflow/dags/banking_dq_dag.py                           1           0  0.91s           2025-07-22T08:59:51                      12
================================================================================
[2025-07-22T09:00:21.368+0000] {manager.py:997} INFO - 
================================================================================
DAG File Processing Stats

File Path                            PID    Runtime      # DAGs    # Errors  Last Runtime    Last Run               Last # of DB Queries
-----------------------------------  -----  ---------  --------  ----------  --------------  -------------------  ----------------------
/opt/airflow/dags/banking_dq_dag.py                           1           0  0.91s           2025-07-22T08:59:51                      12
================================================================================
[2025-07-22T09:00:49.836+0000] {manager.py:997} INFO - 
================================================================================
DAG File Processing Stats

File Path                            PID    Runtime      # DAGs    # Errors  Last Runtime    Last Run               Last # of DB Queries
-----------------------------------  -----  ---------  --------  ----------  --------------  -------------------  ----------------------
/opt/airflow/dags/banking_dq_dag.py                           1           0  0.78s           2025-07-22T09:00:22                      12
================================================================================
[2025-07-22T09:01:17.940+0000] {manager.py:997} INFO - 
================================================================================
DAG File Processing Stats

File Path                            PID    Runtime      # DAGs    # Errors  Last Runtime    Last Run               Last # of DB Queries
-----------------------------------  -----  ---------  --------  ----------  --------------  -------------------  ----------------------
/opt/airflow/dags/banking_dq_dag.py                           1           0  0.65s           2025-07-22T09:00:53                      12
================================================================================
[2025-07-22T09:01:46.354+0000] {manager.py:997} INFO - 
================================================================================
DAG File Processing Stats

File Path                            PID    Runtime      # DAGs    # Errors  Last Runtime    Last Run               Last # of DB Queries
-----------------------------------  -----  ---------  --------  ----------  --------------  -------------------  ----------------------
/opt/airflow/dags/banking_dq_dag.py                           1           0  0.57s           2025-07-22T09:01:24                      12
================================================================================
[2025-07-22T09:02:14.305+0000] {manager.py:997} INFO - 
================================================================================
DAG File Processing Stats

File Path                            PID    Runtime      # DAGs    # Errors  Last Runtime    Last Run               Last # of DB Queries
-----------------------------------  -----  ---------  --------  ----------  --------------  -------------------  ----------------------
/opt/airflow/dags/banking_dq_dag.py                           1           0  0.64s           2025-07-22T09:01:55                      12
================================================================================
[2025-07-22T09:02:42.539+0000] {manager.py:997} INFO - 
================================================================================
DAG File Processing Stats

File Path                            PID    Runtime      # DAGs    # Errors  Last Runtime    Last Run               Last # of DB Queries
-----------------------------------  -----  ---------  --------  ----------  --------------  -------------------  ----------------------
/opt/airflow/dags/banking_dq_dag.py                           1           0  -1.37s          2025-07-22T09:02:24                      12
================================================================================
[2025-07-22T09:03:10.537+0000] {manager.py:997} INFO - 
================================================================================
DAG File Processing Stats

File Path                            PID    Runtime      # DAGs    # Errors  Last Runtime    Last Run               Last # of DB Queries
-----------------------------------  -----  ---------  --------  ----------  --------------  -------------------  ----------------------
/opt/airflow/dags/banking_dq_dag.py                           1           0  0.64s           2025-07-22T09:02:55                      12
================================================================================
[2025-07-22T09:03:38.608+0000] {manager.py:997} INFO - 
================================================================================
DAG File Processing Stats

File Path                            PID    Runtime      # DAGs    # Errors  Last Runtime    Last Run               Last # of DB Queries
-----------------------------------  -----  ---------  --------  ----------  --------------  -------------------  ----------------------
/opt/airflow/dags/banking_dq_dag.py                           1           0  0.60s           2025-07-22T09:03:26                      12
================================================================================
[2025-07-22T09:04:06.958+0000] {manager.py:997} INFO - 
================================================================================
DAG File Processing Stats

File Path                            PID    Runtime      # DAGs    # Errors  Last Runtime    Last Run               Last # of DB Queries
-----------------------------------  -----  ---------  --------  ----------  --------------  -------------------  ----------------------
/opt/airflow/dags/banking_dq_dag.py                           1           0  0.66s           2025-07-22T09:03:57                      12
================================================================================
[2025-07-22T09:04:20.627+0000] {manager.py:821} INFO - Searching for files in /opt/airflow/dags
[2025-07-22T09:04:20.652+0000] {manager.py:824} INFO - There are 1 files in /opt/airflow/dags
[2025-07-22T09:04:35.096+0000] {manager.py:997} INFO - 
================================================================================
DAG File Processing Stats

File Path                            PID    Runtime      # DAGs    # Errors  Last Runtime    Last Run               Last # of DB Queries
-----------------------------------  -----  ---------  --------  ----------  --------------  -------------------  ----------------------
/opt/airflow/dags/banking_dq_dag.py                           1           0  0.75s           2025-07-22T09:04:28                      12
================================================================================
[2025-07-22T09:05:03.415+0000] {manager.py:997} INFO - 
================================================================================
DAG File Processing Stats

File Path                            PID    Runtime      # DAGs    # Errors  Last Runtime    Last Run               Last # of DB Queries
-----------------------------------  -----  ---------  --------  ----------  --------------  -------------------  ----------------------
/opt/airflow/dags/banking_dq_dag.py                           1           0  0.61s           2025-07-22T09:04:58                      12
================================================================================
[2025-07-22T09:05:31.759+0000] {manager.py:997} INFO - 
================================================================================
DAG File Processing Stats

File Path                            PID    Runtime      # DAGs    # Errors  Last Runtime    Last Run               Last # of DB Queries
-----------------------------------  -----  ---------  --------  ----------  --------------  -------------------  ----------------------
/opt/airflow/dags/banking_dq_dag.py                           1           0  0.65s           2025-07-22T09:05:29                      12
================================================================================
